\BOOKMARK [1][-]{section.1}{\376\377\000E\000x\000e\000c\000u\000t\000i\000v\000e\000\040\000S\000u\000m\000m\000a\000r\000y}{}% 1
\BOOKMARK [1][-]{section.2}{\376\377\000I\000n\000t\000r\000o\000d\000u\000c\000t\000i\000o\000n}{}% 2
\BOOKMARK [1][-]{section.3}{\376\377\000D\000a\000t\000a}{}% 3
\BOOKMARK [2][-]{subsection.3.1}{\376\377\000D\000a\000t\000a\000\040\000s\000o\000u\000r\000c\000e\000s}{section.3}% 4
\BOOKMARK [2][-]{subsection.3.2}{\376\377\000D\000a\000t\000a\000\040\000c\000l\000e\000a\000n\000i\000n\000g}{section.3}% 5
\BOOKMARK [2][-]{subsection.3.3}{\376\377\000D\000a\000t\000a\000\040\000d\000e\000s\000c\000r\000i\000p\000t\000i\000o\000n}{section.3}% 6
\BOOKMARK [3][-]{subsubsection.3.3.1}{\376\377\000O\000b\000s\000e\000r\000v\000a\000t\000i\000o\000n\000s}{subsection.3.3}% 7
\BOOKMARK [3][-]{subsubsection.3.3.2}{\376\377\000R\000e\000s\000p\000o\000n\000s\000e\000\040\000V\000a\000r\000i\000a\000b\000l\000e}{subsection.3.3}% 8
\BOOKMARK [3][-]{subsubsection.3.3.3}{\376\377\000F\000e\000a\000t\000u\000r\000e\000s}{subsection.3.3}% 9
\BOOKMARK [2][-]{subsection.3.4}{\376\377\000D\000a\000t\000a\000\040\000a\000l\000l\000o\000c\000a\000t\000i\000o\000n}{section.3}% 10
\BOOKMARK [2][-]{subsection.3.5}{\376\377\000D\000a\000t\000a\000\040\000e\000x\000p\000l\000o\000r\000a\000t\000i\000o\000n}{section.3}% 11
\BOOKMARK [3][-]{subsubsection.3.5.1}{\376\377\000R\000e\000s\000p\000o\000n\000s\000e}{subsection.3.5}% 12
\BOOKMARK [3][-]{subsubsection.3.5.2}{\376\377\000F\000e\000a\000t\000u\000r\000e\000s}{subsection.3.5}% 13
\BOOKMARK [1][-]{section.4}{\376\377\000M\000o\000d\000e\000l\000i\000n\000g}{}% 14
\BOOKMARK [2][-]{subsection.4.1}{\376\377\000R\000e\000g\000r\000e\000s\000s\000i\000o\000n\000-\000b\000a\000s\000e\000d\000\040\000m\000e\000t\000h\000o\000d\000s}{section.4}% 15
\BOOKMARK [3][-]{subsubsection.4.1.1}{\376\377\000O\000r\000d\000i\000n\000a\000r\000y\000\040\000l\000e\000a\000s\000t\000\040\000s\000q\000u\000a\000r\000e\000s}{subsection.4.1}% 16
\BOOKMARK [3][-]{subsubsection.4.1.2}{\376\377\000P\000e\000n\000a\000l\000i\000z\000e\000d\000\040\000r\000e\000g\000r\000e\000s\000s\000i\000o\000n}{subsection.4.1}% 17
\BOOKMARK [2][-]{subsection.4.2}{\376\377\000T\000r\000e\000e\000-\000b\000a\000s\000e\000d\000\040\000m\000e\000t\000h\000o\000d\000s}{section.4}% 18
\BOOKMARK [3][-]{subsubsection.4.2.1}{\376\377\000D\000e\000c\000i\000s\000i\000o\000n\000\040\000t\000r\000e\000e}{subsection.4.2}% 19
\BOOKMARK [3][-]{subsubsection.4.2.2}{\376\377\000R\000a\000n\000d\000o\000m\000\040\000f\000o\000r\000e\000s\000t}{subsection.4.2}% 20
\BOOKMARK [3][-]{subsubsection.4.2.3}{\376\377\000B\000o\000o\000s\000t\000i\000n\000g}{subsection.4.2}% 21
\BOOKMARK [1][-]{section.5}{\376\377\000C\000o\000n\000c\000l\000u\000s\000i\000o\000n\000s}{}% 22
\BOOKMARK [2][-]{subsection.5.1}{\376\377\000M\000e\000t\000h\000o\000d\000\040\000c\000o\000m\000p\000a\000r\000i\000s\000o\000n}{section.5}% 23
\BOOKMARK [2][-]{subsection.5.2}{\376\377\000T\000a\000k\000e\000a\000w\000a\000y\000s}{section.5}% 24
\BOOKMARK [2][-]{subsection.5.3}{\376\377\000L\000i\000m\000i\000t\000a\000t\000i\000o\000n\000s}{section.5}% 25
\BOOKMARK [2][-]{subsection.5.4}{\376\377\000F\000o\000l\000l\000o\000w\000-\000u\000p\000s}{section.5}% 26
\BOOKMARK [1][-]{appendix.A}{\376\377\000A\000p\000p\000e\000n\000d\000i\000x\000:\000\040\000D\000e\000s\000c\000r\000i\000p\000t\000i\000o\000n\000s\000\040\000o\000f\000\040\000f\000e\000a\000t\000u\000r\000e\000s}{}% 27
